[2019-03-16T14:22:25.503] [INFO] response - { method: 'POST',
  url: '/api/article?title=%E4%BB%8A%E5%A4%A9',
  body: { title: '今天546' },
  costTime: 2019-03-16T06:22:25.503Z,
  response: { status: 404, message: 'Not Found', header: {}, body: undefined } }
[2019-03-16T18:08:23.157] [INFO] response - { method: 'POST',
  url: '/api/article?title=%E4%BB%8A%E5%A4%A9',
  body: { title: '今天546' },
  costTime: 2019-03-16T10:08:23.156Z,
  response: { status: 404, message: 'Not Found', header: {}, body: undefined } }
[2019-03-16T18:09:06.094] [INFO] response - { method: 'POST',
  url: '/api/article?title=%E4%BB%8A%E5%A4%A9&author=%E6%9D%8E%E6%96%87%E6%AD%A6&content=%E6%96%87%E7%AB%A0%E5%86%85%E5%AE%B9&category=%E6%96%87%E7%AB%A0%E8%8A%AC%E8%B4%9D%E5%85%8Bu',
  body: { title: '今天546' },
  costTime: 2019-03-16T10:09:06.094Z,
  response: { status: 404, message: 'Not Found', header: {}, body: undefined } }
[2019-03-16T18:09:12.459] [INFO] response - { method: 'POST',
  url: '/api/article?title=%E4%BB%8A%E5%A4%A9&author=%E6%9D%8E%E6%96%87%E6%AD%A6&content=%E6%96%87%E7%AB%A0%E5%86%85%E5%AE%B9&category=%E6%96%87%E7%AB%A0%E8%8A%AC%E8%B4%9D%E5%85%8Bu',
  body: { title: '今天546' },
  costTime: 2019-03-16T10:09:12.459Z,
  response: { status: 404, message: 'Not Found', header: {}, body: undefined } }
[2019-03-16T18:09:30.084] [INFO] response - { method: 'POST',
  url: '/api/article?title=%E4%BB%8A%E5%A4%A9&author=%E6%9D%8E%E6%96%87%E6%AD%A6&content=%E6%96%87%E7%AB%A0%E5%86%85%E5%AE%B9&category=%E6%96%87%E7%AB%A0%E8%8A%AC%E8%B4%9D%E5%85%8Bu',
  body: {},
  costTime: 2019-03-16T10:09:30.084Z,
  response: { status: 404, message: 'Not Found', header: {}, body: undefined } }
[2019-03-16T18:11:17.594] [INFO] response - { method: 'POST',
  url: '/api/article?title=%E4%BB%8A%E5%A4%A9&author=%E6%9D%8E%E6%96%87%E6%AD%A6&content=%E6%96%87%E7%AB%A0%E5%86%85%E5%AE%B9&category=%E6%96%87%E7%AB%A0%E8%8A%AC%E8%B4%9D%E5%85%8Bu',
  body: { title: '今天546' },
  costTime: 2019-03-16T10:11:17.594Z,
  response: { status: 404, message: 'Not Found', header: {}, body: undefined } }
[2019-03-16T18:11:29.173] [INFO] response - { method: 'POST',
  url: '/api/article?title=%E4%BB%8A%E5%A4%A9&author=%E6%9D%8E%E6%96%87%E6%AD%A6&content=%E6%96%87%E7%AB%A0%E5%86%85%E5%AE%B9&category=%E6%96%87%E7%AB%A0%E8%8A%AC%E8%B4%9D%E5%85%8Bu',
  body: { title: '今天546' },
  costTime: 2019-03-16T10:11:29.173Z,
  response: { status: 404, message: 'Not Found', header: {}, body: undefined } }
[2019-03-16T18:11:50.440] [INFO] response - { method: 'POST',
  url: '/api/article?title=%E4%BB%8A%E5%A4%A9&author=%E6%9D%8E%E6%96%87%E6%AD%A6&content=%E6%96%87%E7%AB%A0%E5%86%85%E5%AE%B9&category=%E6%96%87%E7%AB%A0%E8%8A%AC%E8%B4%9D%E5%85%8Bu',
  body: { title: '今天546' },
  costTime: 2019-03-16T10:11:50.440Z,
  response: { status: 404, message: 'Not Found', header: {}, body: undefined } }
[2019-03-16T18:11:53.643] [INFO] response - { method: 'POST',
  url: '/api/article?title=%E4%BB%8A%E5%A4%A9&author=%E6%9D%8E%E6%96%87%E6%AD%A6&content=%E6%96%87%E7%AB%A0%E5%86%85%E5%AE%B9&category=%E6%96%87%E7%AB%A0%E8%8A%AC%E8%B4%9D%E5%85%8Bu',
  body: { title: '今天546' },
  costTime: 2019-03-16T10:11:53.643Z,
  response: { status: 404, message: 'Not Found', header: {}, body: undefined } }
[2019-03-16T18:12:07.340] [INFO] response - { method: 'POST',
  url: '/api/article?title=%E4%BB%8A%E5%A4%A9&author=%E6%9D%8E%E6%96%87%E6%AD%A6&content=%E6%96%87%E7%AB%A0%E5%86%85%E5%AE%B9&category=%E6%96%87%E7%AB%A0%E8%8A%AC%E8%B4%9D%E5%85%8Bu',
  body: { title: '今天546' },
  costTime: 2019-03-16T10:12:07.340Z,
  response: { status: 404, message: 'Not Found', header: {}, body: undefined } }
[2019-03-16T18:12:22.480] [INFO] response - { method: 'POST',
  url: '/api/article?title=%E4%BB%8A%E5%A4%A9&author=%E6%9D%8E%E6%96%87%E6%AD%A6&content=%E6%96%87%E7%AB%A0%E5%86%85%E5%AE%B9&category=%E6%96%87%E7%AB%A0%E8%8A%AC%E8%B4%9D%E5%85%8Bu',
  body: { title: '今天546' },
  costTime: 2019-03-16T10:12:22.480Z,
  response: { status: 404, message: 'Not Found', header: {}, body: undefined } }
